[INFO ] 2023-05-26 01:04:25.198 [main] UserTests - *** Send post request ***
[INFO ] 2023-05-26 01:04:27.309 [main] UserTests - -= Send post request successfull =-
[INFO ] 2023-05-26 01:04:27.324 [main] UserTests - *** Send Get request by Name ***
[INFO ] 2023-05-26 01:04:27.481 [main] UserTests - -= Send Get request successfull =-
[INFO ] 2023-05-26 01:04:27.481 [main] UserTests - *** Send Put request by Name ***
[INFO ] 2023-05-26 01:04:27.732 [main] UserTests - -= Send Put request successfull =-
[INFO ] 2023-05-26 01:04:27.732 [main] UserTests - *** Send Delete request by Name ***
[INFO ] 2023-05-26 01:04:27.826 [main] UserTests - -= Send Delete request successfull =-
[INFO ] 2023-05-26 01:04:46.753 [main] UserTests - *** Send post request ***
[INFO ] 2023-05-26 01:04:49.305 [main] UserTests - -= Send post request successfull =-
[INFO ] 2023-05-26 01:04:49.332 [main] UserTests - *** Send Get request by Name ***
[INFO ] 2023-05-26 01:04:49.485 [main] UserTests - -= Send Get request successfull =-
[INFO ] 2023-05-26 01:04:49.490 [main] UserTests - *** Send Put request by Name ***
[INFO ] 2023-05-26 01:04:49.727 [main] UserTests - -= Send Put request successfull =-
[INFO ] 2023-05-26 01:04:49.729 [main] UserTests - *** Send Delete request by Name ***
[INFO ] 2023-05-26 01:04:49.848 [main] UserTests - -= Send Delete request successfull =-
[INFO ] 2023-05-26 01:07:15.520 [main] UserTests - *** Send post request ***
[INFO ] 2023-05-26 01:07:17.514 [main] UserTests - -= Send post request successfull =-
[INFO ] 2023-05-26 01:07:17.530 [main] UserTests - *** Send Get request by Name ***
[INFO ] 2023-05-26 01:07:17.703 [main] UserTests - -= Send Get request successfull =-
[INFO ] 2023-05-26 01:07:17.703 [main] UserTests - *** Send Put request by Name ***
[INFO ] 2023-05-26 01:07:17.985 [main] UserTests - -= Send Put request successfull =-
[INFO ] 2023-05-26 01:07:17.985 [main] UserTests - *** Send Delete request by Name ***
[INFO ] 2023-05-26 01:07:18.111 [main] UserTests - -= Send Delete request successfull =-
[INFO ] 2023-05-26 01:10:34.146 [main] UserTests - *** Send post request ***
[INFO ] 2023-05-26 01:10:35.920 [main] UserTests - -= Send post request successfull =-
[INFO ] 2023-05-26 01:10:35.935 [main] UserTests - *** Send Get request by Name ***
[INFO ] 2023-05-26 01:10:37.202 [main] UserTests - -= Send Get request successfull =-
[INFO ] 2023-05-26 01:10:37.202 [main] UserTests - *** Send Put request by Name ***
[INFO ] 2023-05-26 01:10:37.429 [main] UserTests - -= Send Put request successfull =-
[INFO ] 2023-05-26 01:10:37.429 [main] UserTests - *** Send Delete request by Name ***
[INFO ] 2023-05-26 01:10:37.555 [main] UserTests - -= Send Delete request successfull =-
[INFO ] 2023-05-26 01:11:33.348 [main] UserTests - *** Send post request ***
[INFO ] 2023-05-26 01:11:35.059 [main] UserTests - -= Send post request successfull =-
[INFO ] 2023-05-26 01:11:35.075 [main] UserTests - *** Send Get request by Name ***
[INFO ] 2023-05-26 01:11:35.263 [main] UserTests - -= Send Get request successfull =-
[INFO ] 2023-05-26 01:11:35.263 [main] UserTests - *** Send Put request by Name ***
[INFO ] 2023-05-26 01:11:35.530 [main] UserTests - -= Send Put request successfull =-
[INFO ] 2023-05-26 01:11:35.530 [main] UserTests - *** Send Delete request by Name ***
[INFO ] 2023-05-26 01:11:35.640 [main] UserTests - -= Send Delete request successfull =-
[INFO ] 2023-05-26 01:22:47.440 [main] UserTests - *** Send post request ***
[INFO ] 2023-05-26 01:22:49.575 [main] UserTests - -= Send post request successfull =-
[INFO ] 2023-05-26 01:22:49.590 [main] UserTests - *** Send Get request by Name ***
[INFO ] 2023-05-26 01:22:49.748 [main] UserTests - -= Send Get request successfull =-
[INFO ] 2023-05-26 01:22:49.763 [main] UserTests - *** Send Put request by Name ***
[INFO ] 2023-05-26 01:22:50.015 [main] UserTests - -= Send Put request successfull =-
[INFO ] 2023-05-26 01:22:50.015 [main] UserTests - *** Send Delete request by Name ***
[INFO ] 2023-05-26 01:22:50.109 [main] UserTests - -= Send Delete request successfull =-
[INFO ] 2023-05-26 01:25:34.716 [main] UserTests - *** Send post request ***
[INFO ] 2023-05-26 01:25:36.662 [main] UserTests - -= Send post request successfull =-
[INFO ] 2023-05-26 01:25:36.678 [main] UserTests - *** Send Get request by Name ***
[INFO ] 2023-05-26 01:25:36.835 [main] UserTests - -= Send Get request successfull =-
[INFO ] 2023-05-26 01:25:36.835 [main] UserTests - *** Send Put request by Name ***
[INFO ] 2023-05-26 01:25:37.306 [main] UserTests - -= Send Put request successfull =-
[INFO ] 2023-05-26 01:25:37.322 [main] UserTests - *** Send Delete request by Name ***
[INFO ] 2023-05-26 01:27:25.341 [main] UserTests - *** Send Delete request by Name ***
[INFO ] 2023-05-26 01:44:16.244 [main] UserTests - *** Send Delete request by Name ***
[INFO ] 2023-05-26 01:44:43.027 [main] UserTests - *** Send post request ***
[INFO ] 2023-05-26 01:44:45.149 [main] UserTests - -= Send post request successfull =-
[INFO ] 2023-05-26 01:44:45.149 [main] UserTests - *** Send Get request by Name ***
[INFO ] 2023-05-26 01:44:45.322 [main] UserTests - -= Send Get request successfull =-
[INFO ] 2023-05-26 01:44:45.322 [main] UserTests - *** Send Put request by Name ***
[INFO ] 2023-05-26 01:44:45.559 [main] UserTests - -= Send Put request successfull =-
[INFO ] 2023-05-26 01:44:45.559 [main] UserTests - *** Send Delete request by Name ***
[INFO ] 2023-05-26 01:44:45.668 [main] UserTests - -= Send Delete request successfull =-
