[INFO ] 2023-05-25 01:43:16.983 [main] UserTests - *** Send post request ***
[INFO ] 2023-05-25 01:43:18.899 [main] UserTests - -= Send post request successfull =-
[INFO ] 2023-05-25 01:43:18.914 [main] UserTests - *** Send Get request by Name ***
[INFO ] 2023-05-25 01:43:19.086 [main] UserTests - -= Send Get request successfull =-
[INFO ] 2023-05-25 01:43:19.086 [main] UserTests - *** Send Put request by Name ***
[INFO ] 2023-05-25 01:43:19.369 [main] UserTests - -= Send Put request successfull =-
[INFO ] 2023-05-25 01:43:19.369 [main] UserTests - *** Send Delete request by Name ***
[INFO ] 2023-05-25 01:43:19.479 [main] UserTests - -= Send Delete request successfull =-
[INFO ] 2023-05-25 11:50:35.955 [main] UserTests - *** Send post request ***
[INFO ] 2023-05-25 11:50:38.041 [main] UserTests - -= Send post request successfull =-
[INFO ] 2023-05-25 11:50:38.057 [main] UserTests - *** Send Get request by Name ***
[INFO ] 2023-05-25 11:50:38.214 [main] UserTests - -= Send Get request successfull =-
[INFO ] 2023-05-25 11:50:38.214 [main] UserTests - *** Send Put request by Name ***
[INFO ] 2023-05-25 11:50:38.465 [main] UserTests - -= Send Put request successfull =-
[INFO ] 2023-05-25 11:50:38.465 [main] UserTests - *** Send Delete request by Name ***
[INFO ] 2023-05-25 11:50:38.591 [main] UserTests - -= Send Delete request successfull =-
[INFO ] 2023-05-25 12:13:37.466 [main] UserTests - *** Send post request ***
[INFO ] 2023-05-25 12:13:39.585 [main] UserTests - -= Send post request successfull =-
[INFO ] 2023-05-25 12:13:39.585 [main] UserTests - *** Send Get request by Name ***
[INFO ] 2023-05-25 12:13:39.741 [main] UserTests - -= Send Get request successfull =-
[INFO ] 2023-05-25 12:13:39.741 [main] UserTests - *** Send Put request by Name ***
[INFO ] 2023-05-25 12:13:39.961 [main] UserTests - -= Send Put request successfull =-
[INFO ] 2023-05-25 12:13:39.961 [main] UserTests - *** Send Delete request by Name ***
[INFO ] 2023-05-25 12:13:40.087 [main] UserTests - -= Send Delete request successfull =-
